<?xml version="1.0" encoding="UTF-8"?>
<!-- Generated by org.testng.reporters.JUnitXMLReporter -->
<testsuite hostname="DESKTOP-E4SG70C" ignored="0" name="Test" tests="4" failures="0" timestamp="11 Jun 2020 17:03:24 GMT" time="103.961" errors="0">
  <testcase name="test1" time="14.454" classname="Docker.ChromeTest1"/>
  <testcase name="test2" time="14.985" classname="Docker.ChromeTest2"/>
  <testcase name="test3" time="17.233" classname="Docker.ChromeTest3"/>
  <testcase name="test4" time="57.86" classname="Docker.FireFoxTest4"/>
</testsuite> <!-- Test -->
